Build started 11/11/2012 19:49:10.
     1>Project "C:\Users\jseto\Documents\RAD Studio\Projects\jrtti\test\run_sample.vcxproj" on node 2 (rebuild target(s)).
     1>_PrepareForClean:
         Deleting file "..\out\msvs\Debug\\inter\run_sample.lastbuildstate".
       InitializeBuildStatus:
         Touching "..\out\msvs\Debug\\inter\run_sample.unsuccessfulbuild".
       ClCompile:
         C:\Program Files (x86)\Microsoft Visual Studio 10.0\VC\bin\CL.exe /c /I..\include /Zi /nologo /W3 /WX- /Od /Oy- /D WIN32 /D _DEBUG /D _CONSOLE /Gm /EHsc /RTC1 /MDd /GS /fp:precise /Zc:wchar_t /Zc:forScope /Fo"..\out\msvs\Debug\\inter\\" /Fd"..\out\msvs\Debug\\inter\vc100.pdb" /Gd /TP /analyze- /errorReport:prompt ..\doc\doc_sample.cpp run_sample.cpp sample.cpp
         sample.cpp
         run_sample.cpp
         doc_sample.cpp
         Generating Code...
       ManifestResourceCompile:
         C:\Program Files (x86)\Microsoft SDKs\Windows\v7.0A\bin\rc.exe /nologo /fo"..\out\msvs\Debug\\inter\run_sample.exe.embed.manifest.res" ..\out\msvs\Debug\\inter\run_sample_manifest.rc 
       Link:
         C:\Program Files (x86)\Microsoft Visual Studio 10.0\VC\bin\link.exe /ERRORREPORT:PROMPT /OUT:"..\out\msvs\Debug\run_sample.exe" /INCREMENTAL /NOLOGO kernel32.lib user32.lib gdi32.lib winspool.lib comdlg32.lib advapi32.lib shell32.lib ole32.lib oleaut32.lib uuid.lib odbc32.lib odbccp32.lib /MANIFEST /ManifestFile:"..\out\msvs\Debug\\inter\run_sample.exe.intermediate.manifest" /MANIFESTUAC:"level='asInvoker' uiAccess='false'" /DEBUG /PDB:"C:\Users\jseto\Documents\RAD Studio\Projects\jrtti\out\msvs\Debug\run_sample.pdb" /SUBSYSTEM:CONSOLE /TLBID:1 /DYNAMICBASE /NXCOMPAT /IMPLIB:"..\out\msvs\Debug\run_sample.lib" /MACHINE:X86 ..\out\msvs\Debug\\inter\run_sample.exe.embed.manifest.res
         ..\out\msvs\Debug\\inter\doc_sample.obj
         ..\out\msvs\Debug\\inter\run_sample.obj
         ..\out\msvs\Debug\\inter\sample.obj
     1>run_sample.obj : error LNK2005: _main already defined in doc_sample.obj
     1>..\out\msvs\Debug\run_sample.exe : fatal error LNK1169: one or more multiply defined symbols found
     1>Done Building Project "C:\Users\jseto\Documents\RAD Studio\Projects\jrtti\test\run_sample.vcxproj" (rebuild target(s)) -- FAILED.

Build FAILED.

Time Elapsed 00:00:06.96
